The flag --repo is not given, going to use mongoose-os repository
Sources: [/Users/bcouchman/Documents/Perso/projects/meeio/electronics/mongooseos/libs/SD/src/mgos_SD_c.c /Users/bcouchman/Documents/Perso/projects/meeio/electronics/mongooseos/libs/SD/src/SD.cpp /Users/bcouchman/Documents/Perso/projects/meeio/electronics/mongooseos/libs/SD/src/mgos_SD.cpp]
Include dirs: [/Users/bcouchman/Documents/Perso/projects/meeio/electronics/mongooseos/libs/SD/include]
Binary libs: []
Building...
mount from "/Users/bcouchman/Documents/Perso/projects/meeio/electronics/mongooseos/libs/SD" to "/app"
mount from "/Users/bcouchman/.mos/modules-1.24/mongoose-os-1.24" to "/mongoose-os"
mount from "/Users/bcouchman/.mos/modules-1.24/mongoose-os-1.24" to "/Users/bcouchman/.mos/modules-1.24/mongoose-os-1.24"
mount from "/Users/bcouchman/Documents/Perso/projects/meeio/electronics/mongooseos/libs/SD/build" to "/Users/bcouchman/Documents/Perso/projects/meeio/electronics/mongooseos/libs/SD/build"
mount from "/Users/bcouchman/Documents/Perso/projects/meeio/electronics/mongooseos/libs/SD/src" to "/Users/bcouchman/Documents/Perso/projects/meeio/electronics/mongooseos/libs/SD/src"
mount from "/Users/bcouchman/Documents/Perso/projects/meeio/electronics/mongooseos/libs/SD/include" to "/Users/bcouchman/Documents/Perso/projects/meeio/electronics/mongooseos/libs/SD/include"
Docker arguments: run --name mos_build_2018-01-25T08-34-35-00_7186859872831283994 --rm -i -v /Users/bcouchman/Documents/Perso/projects/meeio/electronics/mongooseos/libs/SD:/app -v /Users/bcouchman/.mos/modules-1.24/mongoose-os-1.24:/mongoose-os -v /Users/bcouchman/.mos/modules-1.24/mongoose-os-1.24:/Users/bcouchman/.mos/modules-1.24/mongoose-os-1.24 -v /Users/bcouchman/Documents/Perso/projects/meeio/electronics/mongooseos/libs/SD/build:/Users/bcouchman/Documents/Perso/projects/meeio/electronics/mongooseos/libs/SD/build -v /Users/bcouchman/Documents/Perso/projects/meeio/electronics/mongooseos/libs/SD/src:/Users/bcouchman/Documents/Perso/projects/meeio/electronics/mongooseos/libs/SD/src -v /Users/bcouchman/Documents/Perso/projects/meeio/electronics/mongooseos/libs/SD/include:/Users/bcouchman/Documents/Perso/projects/meeio/electronics/mongooseos/libs/SD/include docker.cesanta.com/esp32-build:3.0-rc1-r1 /bin/bash -c nice make '-j' '8' '-C' '/app' '-f' '/mongoose-os/fw/platforms/esp32/Makefile.build' '/Users/bcouchman/Documents/Perso/projects/meeio/electronics/mongooseos/libs/SD/build/objs/moslib/libmoslib.a' 'MGOS_PATH=/mongoose-os' 'APP_FS_FILES=' 'APP_BIN_LIBS=' 'APP_CXXFLAGS=' 'MANIFEST_FINAL=/Users/bcouchman/Documents/Perso/projects/meeio/electronics/mongooseos/libs/SD/build/gen/mos_final.yml' 'APP_CFLAGS=' 'FS_STAGING_DIR=build/fs' 'APP=SD' 'FFI_SYMBOLS=' 'APP_VERSION=1.0' 'ESP_IDF_SDKCONFIG_OPTS=' 'ESP_IDF_EXTRA_COMPONENTS= fatfs wear_levelling sdmmc' 'APP_SOURCES=/Users/bcouchman/Documents/Perso/projects/meeio/electronics/mongooseos/libs/SD/src/mgos_SD_c.c /Users/bcouchman/Documents/Perso/projects/meeio/electronics/mongooseos/libs/SD/src/SD.cpp /Users/bcouchman/Documents/Perso/projects/meeio/electronics/mongooseos/libs/SD/src/mgos_SD.cpp' 'FW_DIR=build/fw' 'BUILD_DIR=/Users/bcouchman/Documents/Perso/projects/meeio/electronics/mongooseos/libs/SD/build/objs' 'PLATFORM=esp32' 'APP_INCLUDES=/Users/bcouchman/Documents/Perso/projects/meeio/electronics/mongooseos/libs/SD/include' 'GEN_DIR=/Users/bcouchman/Documents/Perso/projects/meeio/electronics/mongooseos/libs/SD/build/gen' 'MGOS_MAIN_COMPONENT=moslib'
make: Entering directory '/app'
including /opt/Espressif/esp-idf/components/bootloader/Makefile.projbuild...
including /opt/Espressif/esp-idf/components/bootloader_support/Makefile.projbuild...
including /opt/Espressif/esp-idf/components/esp32/Makefile.projbuild...
including /opt/Espressif/esp-idf/components/esptool_py/Makefile.projbuild...
including /opt/Espressif/esp-idf/components/partition_table/Makefile.projbuild...
/mongoose-os/fw/platforms/esp32/Makefile.build:181: warning: overriding recipe for target 'defconfig'
/opt/Espressif/esp-idf/make/project_config.mk:71: warning: ignoring old recipe for target 'defconfig'
/mongoose-os/fw/platforms/esp32/Makefile.build:181: warning: overriding recipe for target 'menuconfig'
/opt/Espressif/esp-idf/make/project_config.mk:58: warning: ignoring old recipe for target 'menuconfig'
#
# configuration written to /Users/bcouchman/Documents/Perso/projects/meeio/electronics/mongooseos/libs/SD/build/gen/sdkconfig
#
make[1]: Entering directory '/Users/bcouchman/Documents/Perso/projects/meeio/electronics/mongooseos/libs/SD/build/objs/cs_mbedtls'
make[1]: Entering directory '/Users/bcouchman/Documents/Perso/projects/meeio/electronics/mongooseos/libs/SD/build/objs/sdmmc'
make[1]: Entering directory '/Users/bcouchman/Documents/Perso/projects/meeio/electronics/mongooseos/libs/SD/build/objs/xtensa-debug-module'
make[1]: Entering directory '/Users/bcouchman/Documents/Perso/projects/meeio/electronics/mongooseos/libs/SD/build/objs/wear_levelling'
make[1]: Entering directory '/Users/bcouchman/Documents/Perso/projects/meeio/electronics/mongooseos/libs/SD/build/objs/fatfs'
make[1]: Entering directory '/Users/bcouchman/Documents/Perso/projects/meeio/electronics/mongooseos/libs/SD/build/objs/spiffs'
make[1]: Leaving directory '/Users/bcouchman/Documents/Perso/projects/meeio/electronics/mongooseos/libs/SD/build/objs/cs_mbedtls'
make[1]: Leaving directory '/Users/bcouchman/Documents/Perso/projects/meeio/electronics/mongooseos/libs/SD/build/objs/sdmmc'
make[1]: Leaving directory '/Users/bcouchman/Documents/Perso/projects/meeio/electronics/mongooseos/libs/SD/build/objs/xtensa-debug-module'
make[1]: Entering directory '/Users/bcouchman/Documents/Perso/projects/meeio/electronics/mongooseos/libs/SD/build/objs/cryptoauthlib'
make[1]: Leaving directory '/Users/bcouchman/Documents/Perso/projects/meeio/electronics/mongooseos/libs/SD/build/objs/wear_levelling'
make[1]: Leaving directory '/Users/bcouchman/Documents/Perso/projects/meeio/electronics/mongooseos/libs/SD/build/objs/fatfs'
make[1]: Entering directory '/Users/bcouchman/Documents/Perso/projects/meeio/electronics/mongooseos/libs/SD/build/objs/tcpip_adapter'
make[1]: Entering directory '/Users/bcouchman/Documents/Perso/projects/meeio/electronics/mongooseos/libs/SD/build/objs/vfs'
make[1]: Leaving directory '/Users/bcouchman/Documents/Perso/projects/meeio/electronics/mongooseos/libs/SD/build/objs/spiffs'
make[1]: Entering directory '/Users/bcouchman/Documents/Perso/projects/meeio/electronics/mongooseos/libs/SD/build/objs/spi_flash'
make[1]: Entering directory '/Users/bcouchman/Documents/Perso/projects/meeio/electronics/mongooseos/libs/SD/build/objs/pthread'
make[1]: Entering directory '/Users/bcouchman/Documents/Perso/projects/meeio/electronics/mongooseos/libs/SD/build/objs/soc'
make[1]: Leaving directory '/Users/bcouchman/Documents/Perso/projects/meeio/electronics/mongooseos/libs/SD/build/objs/cryptoauthlib'
make[1]: Leaving directory '/Users/bcouchman/Documents/Perso/projects/meeio/electronics/mongooseos/libs/SD/build/objs/vfs'
make[1]: Leaving directory '/Users/bcouchman/Documents/Perso/projects/meeio/electronics/mongooseos/libs/SD/build/objs/tcpip_adapter'
make[1]: Entering directory '/Users/bcouchman/Documents/Perso/projects/meeio/electronics/mongooseos/libs/SD/build/objs/moslib'
make[1]: Entering directory '/Users/bcouchman/Documents/Perso/projects/meeio/electronics/mongooseos/libs/SD/build/objs/wpa_supplicant'
make[1]: Entering directory '/Users/bcouchman/Documents/Perso/projects/meeio/electronics/mongooseos/libs/SD/build/objs/partition_table'
make[1]: Leaving directory '/Users/bcouchman/Documents/Perso/projects/meeio/electronics/mongooseos/libs/SD/build/objs/soc'
make[1]: Leaving directory '/Users/bcouchman/Documents/Perso/projects/meeio/electronics/mongooseos/libs/SD/build/objs/pthread'
make[1]: Entering directory '/Users/bcouchman/Documents/Perso/projects/meeio/electronics/mongooseos/libs/SD/build/objs/newlib'
make[1]: Leaving directory '/Users/bcouchman/Documents/Perso/projects/meeio/electronics/mongooseos/libs/SD/build/objs/partition_table'
make[1]: Entering directory '/Users/bcouchman/Documents/Perso/projects/meeio/electronics/mongooseos/libs/SD/build/objs/nvs_flash'
make[1]: Leaving directory '/Users/bcouchman/Documents/Perso/projects/meeio/electronics/mongooseos/libs/SD/build/objs/spi_flash'
make[1]: Leaving directory '/Users/bcouchman/Documents/Perso/projects/meeio/electronics/mongooseos/libs/SD/build/objs/moslib'
make[1]: Entering directory '/Users/bcouchman/Documents/Perso/projects/meeio/electronics/mongooseos/libs/SD/build/objs/micro-ecc'
make[1]: Entering directory '/Users/bcouchman/Documents/Perso/projects/meeio/electronics/mongooseos/libs/SD/build/objs/log'
make[1]: Entering directory '/Users/bcouchman/Documents/Perso/projects/meeio/electronics/mongooseos/libs/SD/build/objs/heap'
make[1]: Leaving directory '/Users/bcouchman/Documents/Perso/projects/meeio/electronics/mongooseos/libs/SD/build/objs/wpa_supplicant'
make[1]: Leaving directory '/Users/bcouchman/Documents/Perso/projects/meeio/electronics/mongooseos/libs/SD/build/objs/newlib'
make[1]: Leaving directory '/Users/bcouchman/Documents/Perso/projects/meeio/electronics/mongooseos/libs/SD/build/objs/nvs_flash'
make[1]: Leaving directory '/Users/bcouchman/Documents/Perso/projects/meeio/electronics/mongooseos/libs/SD/build/objs/micro-ecc'
make[1]: Leaving directory '/Users/bcouchman/Documents/Perso/projects/meeio/electronics/mongooseos/libs/SD/build/objs/log'
make[1]: Entering directory '/Users/bcouchman/Documents/Perso/projects/meeio/electronics/mongooseos/libs/SD/build/objs/freertos'
make[1]: Entering directory '/Users/bcouchman/Documents/Perso/projects/meeio/electronics/mongooseos/libs/SD/build/objs/esptool_py'
make[1]: Entering directory '/Users/bcouchman/Documents/Perso/projects/meeio/electronics/mongooseos/libs/SD/build/objs/ethernet'
make[1]: Leaving directory '/Users/bcouchman/Documents/Perso/projects/meeio/electronics/mongooseos/libs/SD/build/objs/esptool_py'
make[1]: Leaving directory '/Users/bcouchman/Documents/Perso/projects/meeio/electronics/mongooseos/libs/SD/build/objs/heap'
make[1]: Entering directory '/Users/bcouchman/Documents/Perso/projects/meeio/electronics/mongooseos/libs/SD/build/objs/expat'
make[1]: Entering directory '/Users/bcouchman/Documents/Perso/projects/meeio/electronics/mongooseos/libs/SD/build/objs/cxx'
make[1]: Entering directory '/Users/bcouchman/Documents/Perso/projects/meeio/electronics/mongooseos/libs/SD/build/objs/esp_adc_cal'
make[1]: Leaving directory '/Users/bcouchman/Documents/Perso/projects/meeio/electronics/mongooseos/libs/SD/build/objs/ethernet'
make[1]: Leaving directory '/Users/bcouchman/Documents/Perso/projects/meeio/electronics/mongooseos/libs/SD/build/objs/freertos'
make[1]: Leaving directory '/Users/bcouchman/Documents/Perso/projects/meeio/electronics/mongooseos/libs/SD/build/objs/expat'
make[1]: Entering directory '/Users/bcouchman/Documents/Perso/projects/meeio/electronics/mongooseos/libs/SD/build/objs/driver'
make[1]: Leaving directory '/Users/bcouchman/Documents/Perso/projects/meeio/electronics/mongooseos/libs/SD/build/objs/cxx'
make[1]: Leaving directory '/Users/bcouchman/Documents/Perso/projects/meeio/electronics/mongooseos/libs/SD/build/objs/esp_adc_cal'
make[1]: Entering directory '/Users/bcouchman/Documents/Perso/projects/meeio/electronics/mongooseos/libs/SD/build/objs/lwip'
make[1]: Entering directory '/Users/bcouchman/Documents/Perso/projects/meeio/electronics/mongooseos/libs/SD/build/objs/bootloader'
make[1]: Entering directory '/Users/bcouchman/Documents/Perso/projects/meeio/electronics/mongooseos/libs/SD/build/objs/app_update'
make[1]: Leaving directory '/Users/bcouchman/Documents/Perso/projects/meeio/electronics/mongooseos/libs/SD/build/objs/bootloader'
make[1]: Entering directory '/Users/bcouchman/Documents/Perso/projects/meeio/electronics/mongooseos/libs/SD/build/objs/app_trace'
make[1]: Entering directory '/Users/bcouchman/Documents/Perso/projects/meeio/electronics/mongooseos/libs/SD/build/objs/bootloader_support'
make[1]: Leaving directory '/Users/bcouchman/Documents/Perso/projects/meeio/electronics/mongooseos/libs/SD/build/objs/lwip'
make[1]: Leaving directory '/Users/bcouchman/Documents/Perso/projects/meeio/electronics/mongooseos/libs/SD/build/objs/driver'
make[1]: Leaving directory '/Users/bcouchman/Documents/Perso/projects/meeio/electronics/mongooseos/libs/SD/build/objs/app_update'
make[1]: Entering directory '/Users/bcouchman/Documents/Perso/projects/meeio/electronics/mongooseos/libs/SD/build/objs/esp32'
make[1]: Leaving directory '/Users/bcouchman/Documents/Perso/projects/meeio/electronics/mongooseos/libs/SD/build/objs/app_trace'
make[1]: Leaving directory '/Users/bcouchman/Documents/Perso/projects/meeio/electronics/mongooseos/libs/SD/build/objs/bootloader_support'
make[1]: Leaving directory '/Users/bcouchman/Documents/Perso/projects/meeio/electronics/mongooseos/libs/SD/build/objs/esp32'
including /opt/Espressif/esp-idf/components/bootloader/Makefile.projbuild...
including /opt/Espressif/esp-idf/components/bootloader_support/Makefile.projbuild...
including /opt/Espressif/esp-idf/components/esp32/Makefile.projbuild...
including /opt/Espressif/esp-idf/components/esptool_py/Makefile.projbuild...
including /opt/Espressif/esp-idf/components/partition_table/Makefile.projbuild...
make[1]: Entering directory '/Users/bcouchman/Documents/Perso/projects/meeio/electronics/mongooseos/libs/SD/build/objs/moslib'
  GEN   /Users/bcouchman/Documents/Perso/projects/meeio/electronics/mongooseos/libs/SD/build/gen/mgos_config.c
  GEN   /Users/bcouchman/Documents/Perso/projects/meeio/electronics/mongooseos/libs/SD/build/gen/mgos_ro_vars.c
CC mgos_SD_c.o
CXX SD.o
CXX mgos_SD.o
In file included from /Users/bcouchman/Documents/Perso/projects/meeio/electronics/mongooseos/libs/SD/include/SD.h:6:0,
                 from /Users/bcouchman/Documents/Perso/projects/meeio/electronics/mongooseos/libs/SD/src/SD.cpp:2:
/Users/bcouchman/Documents/Perso/projects/meeio/electronics/mongooseos/libs/SD/include/sdkconfig.h:24:0: warning: "CONFIG_ESPTOOLPY_FLASHSIZE" redefined
 #define CONFIG_ESPTOOLPY_FLASHSIZE "2MB"
 ^
In file included from /Users/bcouchman/Documents/Perso/projects/meeio/electronics/mongooseos/libs/SD/src/SD.cpp:1:0:
/Users/bcouchman/Documents/Perso/projects/meeio/electronics/mongooseos/libs/SD/build/objs/include/sdkconfig.h:22:0: note: this is the location of the previous definition
 #define CONFIG_ESPTOOLPY_FLASHSIZE "4MB"
 ^
In file included from /Users/bcouchman/Documents/Perso/projects/meeio/electronics/mongooseos/libs/SD/include/SD.h:6:0,
                 from /Users/bcouchman/Documents/Perso/projects/meeio/electronics/mongooseos/libs/SD/src/SD.cpp:2:
/Users/bcouchman/Documents/Perso/projects/meeio/electronics/mongooseos/libs/SD/include/sdkconfig.h:55:0: warning: "CONFIG_TIMER_TASK_STACK_DEPTH" redefined
 #define CONFIG_TIMER_TASK_STACK_DEPTH 2048
 ^
In file included from /Users/bcouchman/Documents/Perso/projects/meeio/electronics/mongooseos/libs/SD/src/SD.cpp:1:0:
/Users/bcouchman/Documents/Perso/projects/meeio/electronics/mongooseos/libs/SD/build/objs/include/sdkconfig.h:40:0: note: this is the location of the previous definition
 #define CONFIG_TIMER_TASK_STACK_DEPTH 3072
 ^
In file included from /Users/bcouchman/Documents/Perso/projects/meeio/electronics/mongooseos/libs/SD/include/SD.h:6:0,
                 from /Users/bcouchman/Documents/Perso/projects/meeio/electronics/mongooseos/libs/SD/src/SD.cpp:2:
/Users/bcouchman/Documents/Perso/projects/meeio/electronics/mongooseos/libs/SD/include/sdkconfig.h:87:0: warning: "CONFIG_TCPIP_TASK_STACK_SIZE" redefined
 #define CONFIG_TCPIP_TASK_STACK_SIZE 2048
 ^
In file included from /Users/bcouchman/Documents/Perso/projects/meeio/electronics/mongooseos/libs/SD/src/SD.cpp:1:0:
/Users/bcouchman/Documents/Perso/projects/meeio/electronics/mongooseos/libs/SD/build/objs/include/sdkconfig.h:65:0: note: this is the location of the previous definition
 #define CONFIG_TCPIP_TASK_STACK_SIZE 3072
 ^
In file included from /Users/bcouchman/Documents/Perso/projects/meeio/electronics/mongooseos/libs/SD/include/SD.h:6:0,
                 from /Users/bcouchman/Documents/Perso/projects/meeio/electronics/mongooseos/libs/SD/src/SD.cpp:2:
/Users/bcouchman/Documents/Perso/projects/meeio/electronics/mongooseos/libs/SD/include/sdkconfig.h:103:0: warning: "CONFIG_ESP32_WIFI_DYNAMIC_RX_BUFFER_NUM" redefined
 #define CONFIG_ESP32_WIFI_DYNAMIC_RX_BUFFER_NUM 32
 ^
In file included from /Users/bcouchman/Documents/Perso/projects/meeio/electronics/mongooseos/libs/SD/src/SD.cpp:1:0:
/Users/bcouchman/Documents/Perso/projects/meeio/electronics/mongooseos/libs/SD/build/objs/include/sdkconfig.h:79:0: note: this is the location of the previous definition
 #define CONFIG_ESP32_WIFI_DYNAMIC_RX_BUFFER_NUM 0
 ^
In file included from /Users/bcouchman/Documents/Perso/projects/meeio/electronics/mongooseos/libs/SD/include/SD.h:6:0,
                 from /Users/bcouchman/Documents/Perso/projects/meeio/electronics/mongooseos/libs/SD/src/SD.cpp:2:
/Users/bcouchman/Documents/Perso/projects/meeio/electronics/mongooseos/libs/SD/include/sdkconfig.h:119:0: warning: "CONFIG_PARTITION_TABLE_FILENAME" redefined
 #define CONFIG_PARTITION_TABLE_FILENAME "partitions_singleapp.csv"
 ^
In file included from /Users/bcouchman/Documents/Perso/projects/meeio/electronics/mongooseos/libs/SD/src/SD.cpp:1:0:
/Users/bcouchman/Documents/Perso/projects/meeio/electronics/mongooseos/libs/SD/build/objs/include/sdkconfig.h:90:0: note: this is the location of the previous definition
 #define CONFIG_PARTITION_TABLE_FILENAME "src/partitions_mgos.csv"
 ^
In file included from /Users/bcouchman/Documents/Perso/projects/meeio/electronics/mongooseos/libs/SD/include/SD.h:6:0,
                 from /Users/bcouchman/Documents/Perso/projects/meeio/electronics/mongooseos/libs/SD/src/SD.cpp:2:
/Users/bcouchman/Documents/Perso/projects/meeio/electronics/mongooseos/libs/SD/include/sdkconfig.h:131:0: warning: "CONFIG_SYSTEM_EVENT_TASK_STACK_SIZE" redefined
 #define CONFIG_SYSTEM_EVENT_TASK_STACK_SIZE 2048
 ^
In file included from /Users/bcouchman/Documents/Perso/projects/meeio/electronics/mongooseos/libs/SD/src/SD.cpp:1:0:
/Users/bcouchman/Documents/Perso/projects/meeio/electronics/mongooseos/libs/SD/build/objs/include/sdkconfig.h:96:0: note: this is the location of the previous definition
 #define CONFIG_SYSTEM_EVENT_TASK_STACK_SIZE 3072
 ^
In file included from /Users/bcouchman/Documents/Perso/projects/meeio/electronics/mongooseos/libs/SD/include/SD.h:6:0,
                 from /Users/bcouchman/Documents/Perso/projects/meeio/electronics/mongooseos/libs/SD/src/SD.cpp:2:
/Users/bcouchman/Documents/Perso/projects/meeio/electronics/mongooseos/libs/SD/include/sdkconfig.h:132:0: warning: "CONFIG_ESP32_DEEP_SLEEP_WAKEUP_DELAY" redefined
 #define CONFIG_ESP32_DEEP_SLEEP_WAKEUP_DELAY 2000
 ^
In file included from /Users/bcouchman/Documents/Perso/projects/meeio/electronics/mongooseos/libs/SD/src/SD.cpp:1:0:
/Users/bcouchman/Documents/Perso/projects/meeio/electronics/mongooseos/libs/SD/build/objs/include/sdkconfig.h:97:0: note: this is the location of the previous definition
 #define CONFIG_ESP32_DEEP_SLEEP_WAKEUP_DELAY 0
 ^
In file included from /Users/bcouchman/Documents/Perso/projects/meeio/electronics/mongooseos/libs/SD/include/SD.h:6:0,
                 from /Users/bcouchman/Documents/Perso/projects/meeio/electronics/mongooseos/libs/SD/src/SD.cpp:2:
/Users/bcouchman/Documents/Perso/projects/meeio/electronics/mongooseos/libs/SD/include/sdkconfig.h:152:0: warning: "CONFIG_ESP32_XTAL_FREQ" redefined
 #define CONFIG_ESP32_XTAL_FREQ 40
 ^
In file included from /Users/bcouchman/Documents/Perso/projects/meeio/electronics/mongooseos/libs/SD/src/SD.cpp:1:0:
/Users/bcouchman/Documents/Perso/projects/meeio/electronics/mongooseos/libs/SD/build/objs/include/sdkconfig.h:109:0: note: this is the location of the previous definition
 #define CONFIG_ESP32_XTAL_FREQ 0
 ^
In file included from /Users/bcouchman/Documents/Perso/projects/meeio/electronics/mongooseos/libs/SD/include/SD.h:6:0,
                 from /Users/bcouchman/Documents/Perso/projects/meeio/electronics/mongooseos/libs/SD/src/SD.cpp:2:
/Users/bcouchman/Documents/Perso/projects/meeio/electronics/mongooseos/libs/SD/include/sdkconfig.h:179:0: warning: "CONFIG_PARTITION_TABLE_CUSTOM_FILENAME" redefined
 #define CONFIG_PARTITION_TABLE_CUSTOM_FILENAME "partitions.csv"
 ^
In file included from /Users/bcouchman/Documents/Perso/projects/meeio/electronics/mongooseos/libs/SD/src/SD.cpp:1:0:
/Users/bcouchman/Documents/Perso/projects/meeio/electronics/mongooseos/libs/SD/build/objs/include/sdkconfig.h:130:0: note: this is the location of the previous definition
 #define CONFIG_PARTITION_TABLE_CUSTOM_FILENAME "src/partitions_mgos.csv"
 ^
In file included from /opt/Espressif/esp-idf/components/newlib/platform_include/assert.h:20:0,
                 from /opt/Espressif/esp-idf/components/esp32/include/esp_err.h:18,
                 from /Users/bcouchman/Documents/Perso/projects/meeio/electronics/mongooseos/libs/SD/include/SD.h:7,
                 from /Users/bcouchman/Documents/Perso/projects/meeio/electronics/mongooseos/libs/SD/src/SD.cpp:2:
/Users/bcouchman/Documents/Perso/projects/meeio/electronics/mongooseos/libs/SD/build/objs/include/sdkconfig.h:22:0: warning: "CONFIG_ESPTOOLPY_FLASHSIZE" redefined
 #define CONFIG_ESPTOOLPY_FLASHSIZE "4MB"
 ^
In file included from /Users/bcouchman/Documents/Perso/projects/meeio/electronics/mongooseos/libs/SD/include/SD.h:6:0,
                 from /Users/bcouchman/Documents/Perso/projects/meeio/electronics/mongooseos/libs/SD/src/SD.cpp:2:
/Users/bcouchman/Documents/Perso/projects/meeio/electronics/mongooseos/libs/SD/include/sdkconfig.h:24:0: note: this is the location of the previous definition
 #define CONFIG_ESPTOOLPY_FLASHSIZE "2MB"
 ^
In file included from /opt/Espressif/esp-idf/components/newlib/platform_include/assert.h:20:0,
                 from /opt/Espressif/esp-idf/components/esp32/include/esp_err.h:18,
                 from /Users/bcouchman/Documents/Perso/projects/meeio/electronics/mongooseos/libs/SD/include/SD.h:7,
                 from /Users/bcouchman/Documents/Perso/projects/meeio/electronics/mongooseos/libs/SD/src/SD.cpp:2:
/Users/bcouchman/Documents/Perso/projects/meeio/electronics/mongooseos/libs/SD/build/objs/include/sdkconfig.h:40:0: warning: "CONFIG_TIMER_TASK_STACK_DEPTH" redefined
 #define CONFIG_TIMER_TASK_STACK_DEPTH 3072
 ^
In file included from /Users/bcouchman/Documents/Perso/projects/meeio/electronics/mongooseos/libs/SD/include/SD.h:6:0,
                 from /Users/bcouchman/Documents/Perso/projects/meeio/electronics/mongooseos/libs/SD/src/SD.cpp:2:
/Users/bcouchman/Documents/Perso/projects/meeio/electronics/mongooseos/libs/SD/include/sdkconfig.h:55:0: note: this is the location of the previous definition
 #define CONFIG_TIMER_TASK_STACK_DEPTH 2048
 ^
In file included from /opt/Espressif/esp-idf/components/newlib/platform_include/assert.h:20:0,
                 from /opt/Espressif/esp-idf/components/esp32/include/esp_err.h:18,
                 from /Users/bcouchman/Documents/Perso/projects/meeio/electronics/mongooseos/libs/SD/include/SD.h:7,
                 from /Users/bcouchman/Documents/Perso/projects/meeio/electronics/mongooseos/libs/SD/src/SD.cpp:2:
/Users/bcouchman/Documents/Perso/projects/meeio/electronics/mongooseos/libs/SD/build/objs/include/sdkconfig.h:65:0: warning: "CONFIG_TCPIP_TASK_STACK_SIZE" redefined
 #define CONFIG_TCPIP_TASK_STACK_SIZE 3072
 ^
In file included from /Users/bcouchman/Documents/Perso/projects/meeio/electronics/mongooseos/libs/SD/include/SD.h:6:0,
                 from /Users/bcouchman/Documents/Perso/projects/meeio/electronics/mongooseos/libs/SD/src/SD.cpp:2:
/Users/bcouchman/Documents/Perso/projects/meeio/electronics/mongooseos/libs/SD/include/sdkconfig.h:87:0: note: this is the location of the previous definition
 #define CONFIG_TCPIP_TASK_STACK_SIZE 2048
 ^
In file included from /opt/Espressif/esp-idf/components/newlib/platform_include/assert.h:20:0,
                 from /opt/Espressif/esp-idf/components/esp32/include/esp_err.h:18,
                 from /Users/bcouchman/Documents/Perso/projects/meeio/electronics/mongooseos/libs/SD/include/SD.h:7,
                 from /Users/bcouchman/Documents/Perso/projects/meeio/electronics/mongooseos/libs/SD/src/SD.cpp:2:
/Users/bcouchman/Documents/Perso/projects/meeio/electronics/mongooseos/libs/SD/build/objs/include/sdkconfig.h:79:0: warning: "CONFIG_ESP32_WIFI_DYNAMIC_RX_BUFFER_NUM" redefined
 #define CONFIG_ESP32_WIFI_DYNAMIC_RX_BUFFER_NUM 0
 ^
In file included from /Users/bcouchman/Documents/Perso/projects/meeio/electronics/mongooseos/libs/SD/include/SD.h:6:0,
                 from /Users/bcouchman/Documents/Perso/projects/meeio/electronics/mongooseos/libs/SD/src/SD.cpp:2:
/Users/bcouchman/Documents/Perso/projects/meeio/electronics/mongooseos/libs/SD/include/sdkconfig.h:103:0: note: this is the location of the previous definition
 #define CONFIG_ESP32_WIFI_DYNAMIC_RX_BUFFER_NUM 32
 ^
In file included from /opt/Espressif/esp-idf/components/newlib/platform_include/assert.h:20:0,
                 from /opt/Espressif/esp-idf/components/esp32/include/esp_err.h:18,
                 from /Users/bcouchman/Documents/Perso/projects/meeio/electronics/mongooseos/libs/SD/include/SD.h:7,
                 from /Users/bcouchman/Documents/Perso/projects/meeio/electronics/mongooseos/libs/SD/src/SD.cpp:2:
/Users/bcouchman/Documents/Perso/projects/meeio/electronics/mongooseos/libs/SD/build/objs/include/sdkconfig.h:90:0: warning: "CONFIG_PARTITION_TABLE_FILENAME" redefined
 #define CONFIG_PARTITION_TABLE_FILENAME "src/partitions_mgos.csv"
 ^
In file included from /Users/bcouchman/Documents/Perso/projects/meeio/electronics/mongooseos/libs/SD/include/SD.h:6:0,
                 from /Users/bcouchman/Documents/Perso/projects/meeio/electronics/mongooseos/libs/SD/src/SD.cpp:2:
/Users/bcouchman/Documents/Perso/projects/meeio/electronics/mongooseos/libs/SD/include/sdkconfig.h:119:0: note: this is the location of the previous definition
 #define CONFIG_PARTITION_TABLE_FILENAME "partitions_singleapp.csv"
 ^
In file included from /opt/Espressif/esp-idf/components/newlib/platform_include/assert.h:20:0,
                 from /opt/Espressif/esp-idf/components/esp32/include/esp_err.h:18,
                 from /Users/bcouchman/Documents/Perso/projects/meeio/electronics/mongooseos/libs/SD/include/SD.h:7,
                 from /Users/bcouchman/Documents/Perso/projects/meeio/electronics/mongooseos/libs/SD/src/SD.cpp:2:
/Users/bcouchman/Documents/Perso/projects/meeio/electronics/mongooseos/libs/SD/build/objs/include/sdkconfig.h:96:0: warning: "CONFIG_SYSTEM_EVENT_TASK_STACK_SIZE" redefined
 #define CONFIG_SYSTEM_EVENT_TASK_STACK_SIZE 3072
 ^
In file included from /Users/bcouchman/Documents/Perso/projects/meeio/electronics/mongooseos/libs/SD/include/SD.h:6:0,
                 from /Users/bcouchman/Documents/Perso/projects/meeio/electronics/mongooseos/libs/SD/src/SD.cpp:2:
/Users/bcouchman/Documents/Perso/projects/meeio/electronics/mongooseos/libs/SD/include/sdkconfig.h:131:0: note: this is the location of the previous definition
 #define CONFIG_SYSTEM_EVENT_TASK_STACK_SIZE 2048
 ^
In file included from /opt/Espressif/esp-idf/components/newlib/platform_include/assert.h:20:0,
                 from /opt/Espressif/esp-idf/components/esp32/include/esp_err.h:18,
                 from /Users/bcouchman/Documents/Perso/projects/meeio/electronics/mongooseos/libs/SD/include/SD.h:7,
                 from /Users/bcouchman/Documents/Perso/projects/meeio/electronics/mongooseos/libs/SD/src/SD.cpp:2:
/Users/bcouchman/Documents/Perso/projects/meeio/electronics/mongooseos/libs/SD/build/objs/include/sdkconfig.h:97:0: warning: "CONFIG_ESP32_DEEP_SLEEP_WAKEUP_DELAY" redefined
 #define CONFIG_ESP32_DEEP_SLEEP_WAKEUP_DELAY 0
 ^
In file included from /Users/bcouchman/Documents/Perso/projects/meeio/electronics/mongooseos/libs/SD/include/SD.h:6:0,
                 from /Users/bcouchman/Documents/Perso/projects/meeio/electronics/mongooseos/libs/SD/src/SD.cpp:2:
/Users/bcouchman/Documents/Perso/projects/meeio/electronics/mongooseos/libs/SD/include/sdkconfig.h:132:0: note: this is the location of the previous definition
 #define CONFIG_ESP32_DEEP_SLEEP_WAKEUP_DELAY 2000
 ^
In file included from /opt/Espressif/esp-idf/components/newlib/platform_include/assert.h:20:0,
                 from /opt/Espressif/esp-idf/components/esp32/include/esp_err.h:18,
                 from /Users/bcouchman/Documents/Perso/projects/meeio/electronics/mongooseos/libs/SD/include/SD.h:7,
                 from /Users/bcouchman/Documents/Perso/projects/meeio/electronics/mongooseos/libs/SD/src/SD.cpp:2:
/Users/bcouchman/Documents/Perso/projects/meeio/electronics/mongooseos/libs/SD/build/objs/include/sdkconfig.h:109:0: warning: "CONFIG_ESP32_XTAL_FREQ" redefined
 #define CONFIG_ESP32_XTAL_FREQ 0
 ^
In file included from /Users/bcouchman/Documents/Perso/projects/meeio/electronics/mongooseos/libs/SD/include/SD.h:6:0,
                 from /Users/bcouchman/Documents/Perso/projects/meeio/electronics/mongooseos/libs/SD/src/SD.cpp:2:
/Users/bcouchman/Documents/Perso/projects/meeio/electronics/mongooseos/libs/SD/include/sdkconfig.h:152:0: note: this is the location of the previous definition
 #define CONFIG_ESP32_XTAL_FREQ 40
 ^
In file included from /opt/Espressif/esp-idf/components/newlib/platform_include/assert.h:20:0,
                 from /opt/Espressif/esp-idf/components/esp32/include/esp_err.h:18,
                 from /Users/bcouchman/Documents/Perso/projects/meeio/electronics/mongooseos/libs/SD/include/SD.h:7,
                 from /Users/bcouchman/Documents/Perso/projects/meeio/electronics/mongooseos/libs/SD/src/SD.cpp:2:
/Users/bcouchman/Documents/Perso/projects/meeio/electronics/mongooseos/libs/SD/build/objs/include/sdkconfig.h:130:0: warning: "CONFIG_PARTITION_TABLE_CUSTOM_FILENAME" redefined
 #define CONFIG_PARTITION_TABLE_CUSTOM_FILENAME "src/partitions_mgos.csv"
 ^
In file included from /Users/bcouchman/Documents/Perso/projects/meeio/electronics/mongooseos/libs/SD/include/SD.h:6:0,
                 from /Users/bcouchman/Documents/Perso/projects/meeio/electronics/mongooseos/libs/SD/src/SD.cpp:2:
/Users/bcouchman/Documents/Perso/projects/meeio/electronics/mongooseos/libs/SD/include/sdkconfig.h:179:0: note: this is the location of the previous definition
 #define CONFIG_PARTITION_TABLE_CUSTOM_FILENAME "partitions.csv"
 ^
In file included from /opt/Espressif/esp-idf/components/newlib/platform_include/assert.h:20:0,
                 from /opt/Espressif/esp-idf/components/esp32/include/esp_err.h:18,
                 from /Users/bcouchman/Documents/Perso/projects/meeio/electronics/mongooseos/libs/SD/include/SD.h:7,
                 from /Users/bcouchman/Documents/Perso/projects/meeio/electronics/mongooseos/libs/SD/include/mgos_SD.h:1,
                 from /Users/bcouchman/Documents/Perso/projects/meeio/electronics/mongooseos/libs/SD/src/mgos_SD.cpp:1:
/Users/bcouchman/Documents/Perso/projects/meeio/electronics/mongooseos/libs/SD/build/objs/include/sdkconfig.h:22:0: warning: "CONFIG_ESPTOOLPY_FLASHSIZE" redefined
 #define CONFIG_ESPTOOLPY_FLASHSIZE "4MB"
 ^
In file included from /Users/bcouchman/Documents/Perso/projects/meeio/electronics/mongooseos/libs/SD/include/SD.h:6:0,
                 from /Users/bcouchman/Documents/Perso/projects/meeio/electronics/mongooseos/libs/SD/include/mgos_SD.h:1,
                 from /Users/bcouchman/Documents/Perso/projects/meeio/electronics/mongooseos/libs/SD/src/mgos_SD.cpp:1:
/Users/bcouchman/Documents/Perso/projects/meeio/electronics/mongooseos/libs/SD/include/sdkconfig.h:24:0: note: this is the location of the previous definition
 #define CONFIG_ESPTOOLPY_FLASHSIZE "2MB"
 ^
In file included from /opt/Espressif/esp-idf/components/newlib/platform_include/assert.h:20:0,
                 from /opt/Espressif/esp-idf/components/esp32/include/esp_err.h:18,
                 from /Users/bcouchman/Documents/Perso/projects/meeio/electronics/mongooseos/libs/SD/include/SD.h:7,
                 from /Users/bcouchman/Documents/Perso/projects/meeio/electronics/mongooseos/libs/SD/include/mgos_SD.h:1,
                 from /Users/bcouchman/Documents/Perso/projects/meeio/electronics/mongooseos/libs/SD/src/mgos_SD.cpp:1:
/Users/bcouchman/Documents/Perso/projects/meeio/electronics/mongooseos/libs/SD/build/objs/include/sdkconfig.h:40:0: warning: "CONFIG_TIMER_TASK_STACK_DEPTH" redefined
 #define CONFIG_TIMER_TASK_STACK_DEPTH 3072
 ^
In file included from /Users/bcouchman/Documents/Perso/projects/meeio/electronics/mongooseos/libs/SD/include/SD.h:6:0,
                 from /Users/bcouchman/Documents/Perso/projects/meeio/electronics/mongooseos/libs/SD/include/mgos_SD.h:1,
                 from /Users/bcouchman/Documents/Perso/projects/meeio/electronics/mongooseos/libs/SD/src/mgos_SD.cpp:1:
/Users/bcouchman/Documents/Perso/projects/meeio/electronics/mongooseos/libs/SD/include/sdkconfig.h:55:0: note: this is the location of the previous definition
 #define CONFIG_TIMER_TASK_STACK_DEPTH 2048
 ^
In file included from /opt/Espressif/esp-idf/components/newlib/platform_include/assert.h:20:0,
                 from /opt/Espressif/esp-idf/components/esp32/include/esp_err.h:18,
                 from /Users/bcouchman/Documents/Perso/projects/meeio/electronics/mongooseos/libs/SD/include/SD.h:7,
                 from /Users/bcouchman/Documents/Perso/projects/meeio/electronics/mongooseos/libs/SD/include/mgos_SD.h:1,
                 from /Users/bcouchman/Documents/Perso/projects/meeio/electronics/mongooseos/libs/SD/src/mgos_SD.cpp:1:
/Users/bcouchman/Documents/Perso/projects/meeio/electronics/mongooseos/libs/SD/build/objs/include/sdkconfig.h:65:0: warning: "CONFIG_TCPIP_TASK_STACK_SIZE" redefined
 #define CONFIG_TCPIP_TASK_STACK_SIZE 3072
 ^
In file included from /Users/bcouchman/Documents/Perso/projects/meeio/electronics/mongooseos/libs/SD/include/SD.h:6:0,
                 from /Users/bcouchman/Documents/Perso/projects/meeio/electronics/mongooseos/libs/SD/include/mgos_SD.h:1,
                 from /Users/bcouchman/Documents/Perso/projects/meeio/electronics/mongooseos/libs/SD/src/mgos_SD.cpp:1:
/Users/bcouchman/Documents/Perso/projects/meeio/electronics/mongooseos/libs/SD/include/sdkconfig.h:87:0: note: this is the location of the previous definition
 #define CONFIG_TCPIP_TASK_STACK_SIZE 2048
 ^
In file included from /opt/Espressif/esp-idf/components/newlib/platform_include/assert.h:20:0,
                 from /opt/Espressif/esp-idf/components/esp32/include/esp_err.h:18,
                 from /Users/bcouchman/Documents/Perso/projects/meeio/electronics/mongooseos/libs/SD/include/SD.h:7,
                 from /Users/bcouchman/Documents/Perso/projects/meeio/electronics/mongooseos/libs/SD/include/mgos_SD.h:1,
                 from /Users/bcouchman/Documents/Perso/projects/meeio/electronics/mongooseos/libs/SD/src/mgos_SD.cpp:1:
/Users/bcouchman/Documents/Perso/projects/meeio/electronics/mongooseos/libs/SD/build/objs/include/sdkconfig.h:79:0: warning: "CONFIG_ESP32_WIFI_DYNAMIC_RX_BUFFER_NUM" redefined
 #define CONFIG_ESP32_WIFI_DYNAMIC_RX_BUFFER_NUM 0
 ^
In file included from /Users/bcouchman/Documents/Perso/projects/meeio/electronics/mongooseos/libs/SD/include/SD.h:6:0,
                 from /Users/bcouchman/Documents/Perso/projects/meeio/electronics/mongooseos/libs/SD/include/mgos_SD.h:1,
                 from /Users/bcouchman/Documents/Perso/projects/meeio/electronics/mongooseos/libs/SD/src/mgos_SD.cpp:1:
/Users/bcouchman/Documents/Perso/projects/meeio/electronics/mongooseos/libs/SD/include/sdkconfig.h:103:0: note: this is the location of the previous definition
 #define CONFIG_ESP32_WIFI_DYNAMIC_RX_BUFFER_NUM 32
 ^
In file included from /opt/Espressif/esp-idf/components/newlib/platform_include/assert.h:20:0,
                 from /opt/Espressif/esp-idf/components/esp32/include/esp_err.h:18,
                 from /Users/bcouchman/Documents/Perso/projects/meeio/electronics/mongooseos/libs/SD/include/SD.h:7,
                 from /Users/bcouchman/Documents/Perso/projects/meeio/electronics/mongooseos/libs/SD/include/mgos_SD.h:1,
                 from /Users/bcouchman/Documents/Perso/projects/meeio/electronics/mongooseos/libs/SD/src/mgos_SD.cpp:1:
/Users/bcouchman/Documents/Perso/projects/meeio/electronics/mongooseos/libs/SD/build/objs/include/sdkconfig.h:90:0: warning: "CONFIG_PARTITION_TABLE_FILENAME" redefined
 #define CONFIG_PARTITION_TABLE_FILENAME "src/partitions_mgos.csv"
 ^
In file included from /Users/bcouchman/Documents/Perso/projects/meeio/electronics/mongooseos/libs/SD/include/SD.h:6:0,
                 from /Users/bcouchman/Documents/Perso/projects/meeio/electronics/mongooseos/libs/SD/include/mgos_SD.h:1,
                 from /Users/bcouchman/Documents/Perso/projects/meeio/electronics/mongooseos/libs/SD/src/mgos_SD.cpp:1:
/Users/bcouchman/Documents/Perso/projects/meeio/electronics/mongooseos/libs/SD/include/sdkconfig.h:119:0: note: this is the location of the previous definition
 #define CONFIG_PARTITION_TABLE_FILENAME "partitions_singleapp.csv"
 ^
In file included from /opt/Espressif/esp-idf/components/newlib/platform_include/assert.h:20:0,
                 from /opt/Espressif/esp-idf/components/esp32/include/esp_err.h:18,
                 from /Users/bcouchman/Documents/Perso/projects/meeio/electronics/mongooseos/libs/SD/include/SD.h:7,
                 from /Users/bcouchman/Documents/Perso/projects/meeio/electronics/mongooseos/libs/SD/include/mgos_SD.h:1,
                 from /Users/bcouchman/Documents/Perso/projects/meeio/electronics/mongooseos/libs/SD/src/mgos_SD.cpp:1:
/Users/bcouchman/Documents/Perso/projects/meeio/electronics/mongooseos/libs/SD/build/objs/include/sdkconfig.h:96:0: warning: "CONFIG_SYSTEM_EVENT_TASK_STACK_SIZE" redefined
 #define CONFIG_SYSTEM_EVENT_TASK_STACK_SIZE 3072
 ^
In file included from /Users/bcouchman/Documents/Perso/projects/meeio/electronics/mongooseos/libs/SD/include/SD.h:6:0,
                 from /Users/bcouchman/Documents/Perso/projects/meeio/electronics/mongooseos/libs/SD/include/mgos_SD.h:1,
                 from /Users/bcouchman/Documents/Perso/projects/meeio/electronics/mongooseos/libs/SD/src/mgos_SD.cpp:1:
/Users/bcouchman/Documents/Perso/projects/meeio/electronics/mongooseos/libs/SD/include/sdkconfig.h:131:0: note: this is the location of the previous definition
 #define CONFIG_SYSTEM_EVENT_TASK_STACK_SIZE 2048
 ^
In file included from /opt/Espressif/esp-idf/components/newlib/platform_include/assert.h:20:0,
                 from /opt/Espressif/esp-idf/components/esp32/include/esp_err.h:18,
                 from /Users/bcouchman/Documents/Perso/projects/meeio/electronics/mongooseos/libs/SD/include/SD.h:7,
                 from /Users/bcouchman/Documents/Perso/projects/meeio/electronics/mongooseos/libs/SD/include/mgos_SD.h:1,
                 from /Users/bcouchman/Documents/Perso/projects/meeio/electronics/mongooseos/libs/SD/src/mgos_SD.cpp:1:
/Users/bcouchman/Documents/Perso/projects/meeio/electronics/mongooseos/libs/SD/build/objs/include/sdkconfig.h:97:0: warning: "CONFIG_ESP32_DEEP_SLEEP_WAKEUP_DELAY" redefined
 #define CONFIG_ESP32_DEEP_SLEEP_WAKEUP_DELAY 0
 ^
In file included from /Users/bcouchman/Documents/Perso/projects/meeio/electronics/mongooseos/libs/SD/include/SD.h:6:0,
                 from /Users/bcouchman/Documents/Perso/projects/meeio/electronics/mongooseos/libs/SD/include/mgos_SD.h:1,
                 from /Users/bcouchman/Documents/Perso/projects/meeio/electronics/mongooseos/libs/SD/src/mgos_SD.cpp:1:
/Users/bcouchman/Documents/Perso/projects/meeio/electronics/mongooseos/libs/SD/include/sdkconfig.h:132:0: note: this is the location of the previous definition
 #define CONFIG_ESP32_DEEP_SLEEP_WAKEUP_DELAY 2000
 ^
In file included from /opt/Espressif/esp-idf/components/newlib/platform_include/assert.h:20:0,
                 from /opt/Espressif/esp-idf/components/esp32/include/esp_err.h:18,
                 from /Users/bcouchman/Documents/Perso/projects/meeio/electronics/mongooseos/libs/SD/include/SD.h:7,
                 from /Users/bcouchman/Documents/Perso/projects/meeio/electronics/mongooseos/libs/SD/include/mgos_SD.h:1,
                 from /Users/bcouchman/Documents/Perso/projects/meeio/electronics/mongooseos/libs/SD/src/mgos_SD.cpp:1:
/Users/bcouchman/Documents/Perso/projects/meeio/electronics/mongooseos/libs/SD/build/objs/include/sdkconfig.h:109:0: warning: "CONFIG_ESP32_XTAL_FREQ" redefined
 #define CONFIG_ESP32_XTAL_FREQ 0
 ^
In file included from /Users/bcouchman/Documents/Perso/projects/meeio/electronics/mongooseos/libs/SD/include/SD.h:6:0,
                 from /Users/bcouchman/Documents/Perso/projects/meeio/electronics/mongooseos/libs/SD/include/mgos_SD.h:1,
                 from /Users/bcouchman/Documents/Perso/projects/meeio/electronics/mongooseos/libs/SD/src/mgos_SD.cpp:1:
/Users/bcouchman/Documents/Perso/projects/meeio/electronics/mongooseos/libs/SD/include/sdkconfig.h:152:0: note: this is the location of the previous definition
 #define CONFIG_ESP32_XTAL_FREQ 40
 ^
In file included from /opt/Espressif/esp-idf/components/newlib/platform_include/assert.h:20:0,
                 from /opt/Espressif/esp-idf/components/esp32/include/esp_err.h:18,
                 from /Users/bcouchman/Documents/Perso/projects/meeio/electronics/mongooseos/libs/SD/include/SD.h:7,
                 from /Users/bcouchman/Documents/Perso/projects/meeio/electronics/mongooseos/libs/SD/include/mgos_SD.h:1,
                 from /Users/bcouchman/Documents/Perso/projects/meeio/electronics/mongooseos/libs/SD/src/mgos_SD.cpp:1:
/Users/bcouchman/Documents/Perso/projects/meeio/electronics/mongooseos/libs/SD/build/objs/include/sdkconfig.h:130:0: warning: "CONFIG_PARTITION_TABLE_CUSTOM_FILENAME" redefined
 #define CONFIG_PARTITION_TABLE_CUSTOM_FILENAME "src/partitions_mgos.csv"
 ^
In file included from /Users/bcouchman/Documents/Perso/projects/meeio/electronics/mongooseos/libs/SD/include/SD.h:6:0,
                 from /Users/bcouchman/Documents/Perso/projects/meeio/electronics/mongooseos/libs/SD/include/mgos_SD.h:1,
                 from /Users/bcouchman/Documents/Perso/projects/meeio/electronics/mongooseos/libs/SD/src/mgos_SD.cpp:1:
/Users/bcouchman/Documents/Perso/projects/meeio/electronics/mongooseos/libs/SD/include/sdkconfig.h:179:0: note: this is the location of the previous definition
 #define CONFIG_PARTITION_TABLE_CUSTOM_FILENAME "partitions.csv"
 ^
In file included from /Users/bcouchman/Documents/Perso/projects/meeio/electronics/mongooseos/libs/SD/include/mgos_SD.h:1:0,
                 from /Users/bcouchman/Documents/Perso/projects/meeio/electronics/mongooseos/libs/SD/src/mgos_SD.cpp:1:
/Users/bcouchman/Documents/Perso/projects/meeio/electronics/mongooseos/libs/SD/include/SD.h:42:20: warning: 'TAG' defined but not used [-Wunused-variable]
 static const char *TAG = "sd";
                    ^
AR /Users/bcouchman/Documents/Perso/projects/meeio/electronics/mongooseos/libs/SD/build/objs/moslib/libmoslib.a
make[1]: Leaving directory '/Users/bcouchman/Documents/Perso/projects/meeio/electronics/mongooseos/libs/SD/build/objs/moslib'
Target 'component-moslib-build' responsible for '/Users/bcouchman/Documents/Perso/projects/meeio/electronics/mongooseos/libs/SD/build/objs/moslib/libmoslib.a'
make: Leaving directory '/app'
Lib saved to build/lib.a
